<?xml version="1.0" encoding="UTF-8"?>
<testsuite xmlns:xsi="http://www.w3.org/2001/XMLSchema-instance" xsi:noNamespaceSchemaLocation="https://maven.apache.org/surefire/maven-failsafe-plugin/xsd/failsafe-test-report-3.0.xsd" version="3.0" name="Hotel search" time="65.77" tests="2" errors="0" skipped="0" failures="0">
  <properties>
[...]
</properties>
  <testcase name="Search for hotels with destinations" classname="Hotel search" time="39.317">
    <system-out><![CDATA[10:52:55.565 [main] INFO  i.c.core.plugin.SerenityReporter - Running feature from file:///Users/yashvantsingh/Downloads/serenity-cucumber4-starter-master/src/test/resources/features/search/flight_search.feature

10:52:55.967 [main] INFO   - 

-------------------------------------------------------------------------------------
     _______. _______ .______       _______ .__   __.  __  .___________.____    ____ 
    /       ||   ____||   _  \     |   ____||  \ |  | |  | |           |\   \  /   / 
   |   (----`|  |__   |  |_)  |    |  |__   |   \|  | |  | `---|  |----` \   \/   /  
    \   \    |   __|  |      /     |   __|  |  . `  | |  |     |  |       \_    _/   
.----)   |   |  |____ |  |\  \----.|  |____ |  |\   | |  |     |  |         |  |     
|_______/    |_______|| _| `._____||_______||__| \__| |__|     |__|         |__|    
                                                                                     
 News and tutorials at http://www.serenity-bdd.info                                  
 Documentation at https://wakaleo.gitbooks.io/the-serenity-book/content/             
 Join the Serenity Community on Gitter: https://gitter.im/serenity-bdd/serenity-core 
 Serenity BDD Support and Training at http://serenity-bdd.info/#/trainingandsupport  
-------------------------------------------------------------------------------------


10:52:55.971 [main] INFO   - Test Suite Started: Flight search

10:52:55.991 [main] INFO  i.c.core.plugin.SerenityReporter - Running feature from file:///Users/yashvantsingh/Downloads/serenity-cucumber4-starter-master/src/test/resources/features/search/hotel_search.feature

10:52:55.997 [main] INFO   - Test Suite Started: Hotel search

10:53:41.926 [pool-2-thread-1] ERROR  - 
         __  _____ _____ ____ _____   _____ ____  ____   ___  ____  
 _      / / |_   _| ____/ ___|_   _| | ____|  _ \|  _ \ / _ \|  _ \ 
(_)____| |    | | |  _| \___ \ | |   |  _| | |_) | |_) | | | | |_) |
 |_____| |    | | | |___ ___) || |   | |___|  _ <|  _ <| |_| |  _ < 
(_)    | |    |_| |_____|____/ |_|   |_____|_| \_\_| \_\\___/|_| \_\
        \_\                                                         

Search for flight with source and destinations
---------------------------------------------------------------------

10:53:42.329 [pool-2-thread-1] ERROR  -     Test failed at step: Assert flight search title

10:53:42.331 [pool-2-thread-1] ERROR  -     Expected condition failed: waiting for By.xpath: //*[@class='font22 text-black append_bottom20 cards-heading'] to be displayed (tried for 5 second(s) with 100 milliseconds interval)Build info: version: '3.141.59', revision: 'e82be7d358', time: '2018-11-14T08:17:03'System info: host: 'Yashvant-Singh.local', ip: 'fe80:0:0:0:802:4ed1:9eef:e2fb%en0', os.name: 'Mac OS X', os.arch: 'x86_64', os.version: '10.15.7', java.version: '1.8.0_231'Driver info: driver.version: unknownBuild info: version: '3.141.59', revision: 'e82be7d358', time: '2018-11-14T08:17:03'System info: host: 'Yashvant-Singh.local', ip: 'fe80:0:0:0:802:4ed1:9eef:e2fb%en0', os.name: 'Mac OS X', os.arch: 'x86_64', os.version: '10.15.7', java.version: '1.8.0_231'Driver info: driver.version: unknown


Scenario Outline: Search for hotels with destinations      &amp#27;[90m# src/test/resources/features/search/hotel_search.feature:9&amp#27;[0m
10:52:56.458 [pool-2-thread-2] INFO  i.c.core.plugin.SerenityReporter - Running feature from file:///Users/yashvantsingh/Downloads/serenity-cucumber4-starter-master/src/test/resources/features/search/hotel_search.feature
10:52:56.463 [pool-2-thread-2] INFO   - 
 _____ _____ ____ _____   ____ _____  _    ____ _____ _____ ____  
|_   _| ____/ ___|_   _| / ___|_   _|/ \  |  _ \_   _| ____|  _ \ 
  | | |  _| \___ \ | |   \___ \ | | / _ \ | |_) || | |  _| | | | |
  | | | |___ ___) || |    ___) || |/ ___ \|  _ < | | | |___| |_| |
  |_| |_____|____/ |_|   |____/ |_/_/   \_\_| \_\|_| |_____|____/ 

Search for hotels with destinations(hotel-search;search-for-hotels-with-destinations)
-------------------------------------------------------------------
10:52:57.519 [pool-2-thread-2] INFO  n.s.c.w.d.ChromeDriverProvider - Using automatically driver download
10:52:57.952 [pool-2-thread-2] INFO  i.g.bonigarcia.wdm.WebDriverManager - Using chromedriver 90.0.4430.24 (resolved driver for Chrome 90)
10:52:57.962 [pool-2-thread-2] INFO  i.g.bonigarcia.wdm.WebDriverManager - Exporting webdriver.chrome.driver as /Users/yashvantsingh/.cache/selenium/chromedriver/mac64/90.0.4430.24/chromedriver
10:52:58.726 [pool-2-thread-2] INFO  n.s.c.w.d.ProvideNewDriver - Instantiating driver
10:52:58.728 [pool-2-thread-2] INFO  n.s.c.w.d.ProvideNewDriver - Driver capabilities: Capabilities {acceptInsecureCerts: false, browserName: chrome, chrome.switches: --start-maximized;--test-ty..., goog:chromeOptions: {args: [--start-maximized, --test-type, --no-sandbox, --ignore-certificate-errors;\n, --disable-popup-blocking, --disable-default-apps, --disable-extensions-file-a..., --incognito, --disable-infobars, --disable-gpu], extensions: []}, loggingPrefs: org.openqa.selenium.logging...}
  &amp#27;[32mGiven &amp#27;[0m&amp#27;[32muser is on homepage&amp#27;[0m                                &amp#27;[90m# starter.stepdefinitions.SearchMmtStepDefinitions.userIsOnHomepage()&amp#27;[0m
  &amp#27;[32mWhen &amp#27;[0m&amp#27;[32muser selects the hotels with &amp#27;[0m&amp#27;[32m&amp#27;[1m"DUBAI"&amp#27;[0m&amp#27;[32m as destination&amp#27;[0m &amp#27;[90m# starter.stepdefinitions.SearchMmtStepDefinitions.userSelectsTheHotelsWithAsDestination(java.lang.String)&amp#27;[0m
  &amp#27;[32mThen &amp#27;[0m&amp#27;[32muser should be able to see the hotel search results&amp#27;[0m &amp#27;[90m# starter.stepdefinitions.SearchMmtStepDefinitions.userShouldBeAbleToSeeTheHotelSearchResults()&amp#27;[0m
10:53:35.292 [pool-2-thread-2] INFO   - 
        __    _____ _____ ____ _____   ____   _    ____  ____  _____ ____  
  _     \ \  |_   _| ____/ ___|_   _| |  _ \ / \  / ___|/ ___|| ____|  _ \ 
 (_)_____| |   | | |  _| \___ \ | |   | |_) / _ \ \___ \\___ \|  _| | | | |
  _|_____| |   | | | |___ ___) || |   |  __/ ___ \ ___) |___) | |___| |_| |
 (_)     | |   |_| |_____|____/ |_|   |_| /_/   \_\____/|____/|_____|____/ 
        /_/                                                                

Search for hotels with destinations
----------------------------------------------------------------------------
]]></system-out>
    <system-err><![CDATA[Starting ChromeDriver 90.0.4430.24 (4c6d850f087da467d926e8eddb76550aed655991-refs/branch-heads/4430@{#429}) on port 11324
Only local connections are allowed.
Please see https://chromedriver.chromium.org/security-considerations for suggestions on keeping ChromeDriver safe.
[1620197578.868][WARNING]: FromSockAddr failed on netmask
ChromeDriver was started successfully.
May 05, 2021 10:53:01 AM org.openqa.selenium.remote.ProtocolHandshake createSession
INFO: Detected dialect: W3C
]]></system-err>
  </testcase>
  <testcase name="Search for flights" classname="Hotel search" time="26.453">
    <system-out><![CDATA[
Scenario: Search for flights                                                        &amp#27;[90m# src/test/resources/features/search/hotel_search.feature:11&amp#27;[0m
10:53:35.336 [pool-2-thread-2] INFO  i.c.core.plugin.SerenityReporter - Running feature from file:///Users/yashvantsingh/Downloads/serenity-cucumber4-starter-master/src/test/resources/features/search/hotel_search.feature
10:53:35.343 [pool-2-thread-2] INFO   - 
 _____ _____ ____ _____   ____ _____  _    ____ _____ _____ ____  
|_   _| ____/ ___|_   _| / ___|_   _|/ \  |  _ \_   _| ____|  _ \ 
  | | |  _| \___ \ | |   \___ \ | | / _ \ | |_) || | |  _| | | | |
  | | | |___ ___) || |    ___) || |/ ___ \|  _ < | | | |___| |_| |
  |_| |_____|____/ |_|   |____/ |_/_/   \_\_| \_\|_| |_____|____/ 

Search for flights(hotel-search;search-for-flights)
-------------------------------------------------------------------
10:53:35.425 [pool-2-thread-2] INFO  n.s.c.w.d.ChromeDriverProvider - Using automatically driver download
10:53:35.451 [pool-2-thread-2] INFO  i.g.bonigarcia.wdm.WebDriverManager - Using chromedriver 90.0.4430.24 (resolved driver for Chrome 90)
10:53:35.459 [pool-2-thread-2] INFO  i.g.bonigarcia.wdm.WebDriverManager - Exporting webdriver.chrome.driver as /Users/yashvantsingh/.cache/selenium/chromedriver/mac64/90.0.4430.24/chromedriver
10:53:36.048 [pool-2-thread-2] INFO  n.s.c.w.d.ProvideNewDriver - Instantiating driver
10:53:36.049 [pool-2-thread-2] INFO  n.s.c.w.d.ProvideNewDriver - Driver capabilities: Capabilities {acceptInsecureCerts: false, browserName: chrome, chrome.switches: --start-maximized;--test-ty..., goog:chromeOptions: {args: [--start-maximized, --test-type, --no-sandbox, --ignore-certificate-errors;\n, --disable-popup-blocking, --disable-default-apps, --disable-extensions-file-a..., --incognito, --disable-infobars, --disable-gpu], extensions: []}, loggingPrefs: org.openqa.selenium.logging...}
  &amp#27;[32mGiven &amp#27;[0m&amp#27;[32muser is on homepage&amp#27;[0m                                                         &amp#27;[90m# starter.stepdefinitions.SearchMmtStepDefinitions.userIsOnHomepage()&amp#27;[0m
  &amp#27;[32mWhen &amp#27;[0m&amp#27;[32muser provides the &amp#27;[0m&amp#27;[32m&amp#27;[1m"$pec1@l Ch@7@ct3r"&amp#27;[0m&amp#27;[32m special characters in the hotel search&amp#27;[0m &amp#27;[90m# starter.stepdefinitions.SearchMmtStepDefinitions.userProvidesTheSpecialCharactersInTheHotelSearch(java.lang.String)&amp#27;[0m
  &amp#27;[32mThen &amp#27;[0m&amp#27;[32muser should be able to see the error message for invalid hotel search&amp#27;[0m        &amp#27;[90m# starter.stepdefinitions.SearchMmtStepDefinitions.userShouldBeAbleToSeeTheErrorMessageForInvalidHotelSearch()&amp#27;[0m
10:54:01.770 [pool-2-thread-2] INFO   - 
        __    _____ _____ ____ _____   ____   _    ____  ____  _____ ____  
  _     \ \  |_   _| ____/ ___|_   _| |  _ \ / \  / ___|/ ___|| ____|  _ \ 
 (_)_____| |   | | |  _| \___ \ | |   | |_) / _ \ \___ \\___ \|  _| | | | |
  _|_____| |   | | | |___ ___) || |   |  __/ ___ \ ___) |___) | |___| |_| |
 (_)     | |   |_| |_____|____/ |_|   |_| /_/   \_\____/|____/|_____|____/ 
        /_/                                                                

Search for flights
----------------------------------------------------------------------------
]]></system-out>
    <system-err><![CDATA[Starting ChromeDriver 90.0.4430.24 (4c6d850f087da467d926e8eddb76550aed655991-refs/branch-heads/4430@{#429}) on port 2273
Only local connections are allowed.
Please see https://chromedriver.chromium.org/security-considerations for suggestions on keeping ChromeDriver safe.
[1620197616.108][WARNING]: FromSockAddr failed on netmask
ChromeDriver was started successfully.
May 05, 2021 10:53:39 AM org.openqa.selenium.remote.ProtocolHandshake createSession
INFO: Detected dialect: W3C
]]></system-err>
  </testcase>
</testsuite>